<?xml version="1.0" encoding="UTF-8"?>
<testng-results ignored="0" total="11" passed="11" failed="0" skipped="0">
  <reporter-output>
    <line>
      <![CDATA[create project]]>
    </line>
    <line>
      <![CDATA[create customer]]>
    </line>
    <line>
      <![CDATA[modify customer]]>
    </line>
    <line>
      <![CDATA[delete customer]]>
    </line>
    <line>
      <![CDATA[create customer]]>
    </line>
    <line>
      <![CDATA[modify customer]]>
    </line>
    <line>
      <![CDATA[delete customer]]>
    </line>
    <line>
      <![CDATA[create customer]]>
    </line>
    <line>
      <![CDATA[modify customer]]>
    </line>
    <line>
      <![CDATA[delete customer]]>
    </line>
  </reporter-output>
  <suite started-at="2023-06-01T19:21:34 IST" name="Suite" finished-at="2023-06-01T19:21:40 IST" duration-ms="5227">
    <groups>
    </groups>
    <test started-at="2023-06-01T19:21:34 IST" name="Test" finished-at="2023-06-01T19:21:40 IST" duration-ms="5227">
      <class name="com.actitime.testscript.ProjectModule">
        <test-method signature="createproject()[pri:1, instance:com.actitime.testscript.ProjectModule@550ee7e5]" started-at="2023-06-01T19:21:35 IST" name="createproject" finished-at="2023-06-01T19:21:35 IST" duration-ms="7" status="PASS">
          <reporter-output>
            <line>
              <![CDATA[create project]]>
            </line>
          </reporter-output>
        </test-method> <!-- createproject -->
      </class> <!-- com.actitime.testscript.ProjectModule -->
      <class name="com.actitime.testscript.Assertverifytitle">
        <test-method signature="verifytitle()[pri:0, instance:com.actitime.testscript.Assertverifytitle@4d02f94e]" started-at="2023-06-01T19:21:35 IST" name="verifytitle" finished-at="2023-06-01T19:21:40 IST" duration-ms="5163" status="PASS">
          <reporter-output>
          </reporter-output>
        </test-method> <!-- verifytitle -->
      </class> <!-- com.actitime.testscript.Assertverifytitle -->
      <class name="com.actitime.testscript.ProjectModule1">
        <test-method is-config="true" signature="before()[pri:0, instance:com.actitime.testscript.ProjectModule1@53fdffa1]" started-at="2023-06-01T19:21:40 IST" name="before" finished-at="2023-06-01T19:21:40 IST" duration-ms="1" status="PASS">
          <reporter-output>
          </reporter-output>
        </test-method> <!-- before -->
        <test-method signature="createproject()[pri:1, instance:com.actitime.testscript.ProjectModule1@53fdffa1]" started-at="2023-06-01T19:21:40 IST" name="createproject" finished-at="2023-06-01T19:21:40 IST" duration-ms="1" status="PASS">
          <reporter-output>
            <line>
              <![CDATA[create customer]]>
            </line>
          </reporter-output>
        </test-method> <!-- createproject -->
        <test-method signature="modifyproject()[pri:2, instance:com.actitime.testscript.ProjectModule1@53fdffa1]" started-at="2023-06-01T19:21:40 IST" name="modifyproject" finished-at="2023-06-01T19:21:40 IST" duration-ms="1" status="PASS">
          <reporter-output>
            <line>
              <![CDATA[modify customer]]>
            </line>
          </reporter-output>
        </test-method> <!-- modifyproject -->
        <test-method is-config="true" signature="before()[pri:0, instance:com.actitime.testscript.ProjectModule1@53fdffa1]" started-at="2023-06-01T19:21:40 IST" name="before" finished-at="2023-06-01T19:21:40 IST" duration-ms="0" status="PASS">
          <reporter-output>
          </reporter-output>
        </test-method> <!-- before -->
        <test-method is-config="true" signature="before()[pri:0, instance:com.actitime.testscript.ProjectModule1@53fdffa1]" started-at="2023-06-01T19:21:40 IST" name="before" finished-at="2023-06-01T19:21:40 IST" duration-ms="0" status="PASS">
          <reporter-output>
          </reporter-output>
        </test-method> <!-- before -->
        <test-method signature="deleteproject()[pri:3, instance:com.actitime.testscript.ProjectModule1@53fdffa1]" started-at="2023-06-01T19:21:40 IST" name="deleteproject" finished-at="2023-06-01T19:21:40 IST" duration-ms="1" status="PASS">
          <reporter-output>
            <line>
              <![CDATA[delete customer]]>
            </line>
          </reporter-output>
        </test-method> <!-- deleteproject -->
        <test-method is-config="true" signature="after()[pri:0, instance:com.actitime.testscript.ProjectModule1@53fdffa1]" started-at="2023-06-01T19:21:40 IST" name="after" finished-at="2023-06-01T19:21:40 IST" duration-ms="1" status="PASS">
          <reporter-output>
          </reporter-output>
        </test-method> <!-- after -->
      </class> <!-- com.actitime.testscript.ProjectModule1 -->
      <class name="com.actitime.testscript.CustomerModule">
        <test-method signature="createcustomer()[pri:1, instance:com.actitime.testscript.CustomerModule@4d0f2471]" started-at="2023-06-01T19:21:40 IST" name="createcustomer" finished-at="2023-06-01T19:21:40 IST" depends-on-methods="com.actitime.testscript.ProjectModule.createproject" duration-ms="1" status="PASS">
          <reporter-output>
            <line>
              <![CDATA[create customer]]>
            </line>
          </reporter-output>
        </test-method> <!-- createcustomer -->
        <test-method signature="modifycustomer()[pri:2, instance:com.actitime.testscript.CustomerModule@4d0f2471]" started-at="2023-06-01T19:21:40 IST" name="modifycustomer" finished-at="2023-06-01T19:21:40 IST" duration-ms="1" status="PASS">
          <reporter-output>
            <line>
              <![CDATA[modify customer]]>
            </line>
          </reporter-output>
        </test-method> <!-- modifycustomer -->
        <test-method signature="deletecustomer()[pri:3, instance:com.actitime.testscript.CustomerModule@4d0f2471]" started-at="2023-06-01T19:21:40 IST" name="deletecustomer" finished-at="2023-06-01T19:21:40 IST" duration-ms="1" status="PASS">
          <reporter-output>
            <line>
              <![CDATA[delete customer]]>
            </line>
          </reporter-output>
        </test-method> <!-- deletecustomer -->
      </class> <!-- com.actitime.testscript.CustomerModule -->
      <class name="com.actitime.testscript.TaskModule">
        <test-method signature="createtask()[pri:1, instance:com.actitime.testscript.TaskModule@7133da86]" started-at="2023-06-01T19:21:40 IST" name="createtask" finished-at="2023-06-01T19:21:40 IST" duration-ms="1" status="PASS">
          <reporter-output>
            <line>
              <![CDATA[create customer]]>
            </line>
          </reporter-output>
        </test-method> <!-- createtask -->
        <test-method signature="modifytask()[pri:2, instance:com.actitime.testscript.TaskModule@7133da86]" started-at="2023-06-01T19:21:40 IST" name="modifytask" finished-at="2023-06-01T19:21:40 IST" duration-ms="1" status="PASS">
          <reporter-output>
            <line>
              <![CDATA[modify customer]]>
            </line>
          </reporter-output>
        </test-method> <!-- modifytask -->
        <test-method signature="deletetask()[pri:3, instance:com.actitime.testscript.TaskModule@7133da86]" started-at="2023-06-01T19:21:40 IST" name="deletetask" finished-at="2023-06-01T19:21:40 IST" duration-ms="1" status="PASS">
          <reporter-output>
            <line>
              <![CDATA[delete customer]]>
            </line>
          </reporter-output>
        </test-method> <!-- deletetask -->
      </class> <!-- com.actitime.testscript.TaskModule -->
    </test> <!-- Test -->
  </suite> <!-- Suite -->
</testng-results>
