<?xml version="1.0" encoding="UTF-8"?>
<!-- Generated by org.testng.reporters.JUnitXMLReporter -->
<testsuite ignored="0" hostname="DESKTOP-15UU2LF" failures="0" tests="3" name="Default test" time="0.058" errors="0" timestamp="2023-06-01T19:21:26 IST">
  <testcase classname="com.actitime.testscript.ProjectModule1" name="createproject" time="0.008"/>
  <testcase classname="com.actitime.testscript.ProjectModule1" name="modifyproject" time="0.002"/>
  <testcase classname="com.actitime.testscript.ProjectModule1" name="deleteproject" time="0.001"/>
</testsuite> <!-- Default test -->
