<?xml version="1.0" encoding="UTF-8"?>
<!-- Generated by org.testng.reporters.JUnitXMLReporter -->
<testsuite ignored="0" hostname="DESKTOP-15UU2LF" failures="0" tests="11" name="Test" time="5.227" errors="0" timestamp="2023-06-01T19:21:40 IST">
  <testcase classname="com.actitime.testscript.ProjectModule" name="createproject" time="0.007"/>
  <testcase classname="com.actitime.testscript.Assertverifytitle" name="verifytitle" time="5.163"/>
  <testcase classname="com.actitime.testscript.ProjectModule1" name="createproject" time="0.001"/>
  <testcase classname="com.actitime.testscript.ProjectModule1" name="modifyproject" time="0.001"/>
  <testcase classname="com.actitime.testscript.ProjectModule1" name="deleteproject" time="0.001"/>
  <testcase classname="com.actitime.testscript.CustomerModule" name="createcustomer" time="0.001"/>
  <testcase classname="com.actitime.testscript.CustomerModule" name="modifycustomer" time="0.001"/>
  <testcase classname="com.actitime.testscript.CustomerModule" name="deletecustomer" time="0.001"/>
  <testcase classname="com.actitime.testscript.TaskModule" name="createtask" time="0.001"/>
  <testcase classname="com.actitime.testscript.TaskModule" name="modifytask" time="0.001"/>
  <testcase classname="com.actitime.testscript.TaskModule" name="deletetask" time="0.001"/>
</testsuite> <!-- Test -->
